<?xml version="1.0" encoding="UTF-8"?>
<!-- Generated by org.testng.reporters.JUnitXMLReporter -->
<testsuite hostname="DESKTOP-B75F35K" ignored="4" name="Default test" tests="27" failures="1" timestamp="11 Jul 2018 12:52:02 GMT" time="717.45" errors="0">
  <testcase name="ValidateLogin" time="43.106" classname="smokeTestFirefox.ValidateSmokeTest"/>
  <testcase name="ValidateSearching" time="97.387" classname="smokeTestFirefox.ValidateSmokeTest"/>
  <testcase name="ValidateAddToCart" time="55.108" classname="smokeTestFirefox.ValidateSmokeTest"/>
  <testcase name="ValidatePDP" time="14.606" classname="smokeTestFirefox.ValidateSmokeTest"/>
  <testcase name="ValidateRecentViewLink" time="4.028" classname="smokeTestFirefox.ValidateSmokeTest"/>
  <testcase name="ValidateFooterLogo" time="9.925" classname="smokeTestFirefox.ValidateSmokeTest"/>
  <testcase name="ValidateMyProfNavigation" time="53.676" classname="smokeTestFirefox.ValidateSmokeTest">
    <failure type="org.openqa.selenium.TimeoutException" message="Expected condition failed: waiting for element to be clickable: [[FirefoxDriver: firefox on XP (231f7039-427d-4611-9ff1-1c1dca5e27ef)] -&amp;gt; xpath: (//a[text()=&amp;apos;My Profile&amp;apos;])[1]] (tried for 50 second(s) with 500 milliseconds interval)
Build info: version: &amp;apos;3.11.0&amp;apos;, revision: &amp;apos;e59cfb3&amp;apos;, time: &amp;apos;2018-03-11T20:26:55.152Z&amp;apos;
System info: host: &amp;apos;DESKTOP-B75F35K&amp;apos;, ip: &amp;apos;10.0.2.15&amp;apos;, os.name: &amp;apos;Windows 10&amp;apos;, os.arch: &amp;apos;amd64&amp;apos;, os.version: &amp;apos;10.0&amp;apos;, java.version: &amp;apos;1.8.0_171&amp;apos;
Driver info: org.openqa.selenium.firefox.FirefoxDriver
Capabilities {acceptInsecureCerts: true, browserName: firefox, browserVersion: 59.0.3, javascriptEnabled: true, moz:accessibilityChecks: false, moz:headless: false, moz:processID: 8804, moz:profile: C:\Users\bilaw\AppData\Loca..., moz:useNonSpecCompliantPointerOrigin: false, moz:webdriverClick: true, pageLoadStrategy: normal, platform: XP, platformName: XP, platformVersion: 10.0, rotatable: false, timeouts: {implicit: 0, pageLoad: 300000, script: 30000}}
Session ID: 231f7039-427d-4611-9ff1-1c1dca5e27ef">
      <![CDATA[org.openqa.selenium.TimeoutException: Expected condition failed: waiting for element to be clickable: [[FirefoxDriver: firefox on XP (231f7039-427d-4611-9ff1-1c1dca5e27ef)] -> xpath: (//a[text()='My Profile'])[1]] (tried for 50 second(s) with 500 milliseconds interval)Build info: version: '3.11.0', revision: 'e59cfb3', time: '2018-03-11T20:26:55.152Z'System info: host: 'DESKTOP-B75F35K', ip: '10.0.2.15', os.name: 'Windows 10', os.arch: 'amd64', os.version: '10.0', java.version: '1.8.0_171'Driver info: org.openqa.selenium.firefox.FirefoxDriverCapabilities {acceptInsecureCerts: true, browserName: firefox, browserVersion: 59.0.3, javascriptEnabled: true, moz:accessibilityChecks: false, moz:headless: false, moz:processID: 8804, moz:profile: C:\Users\bilaw\AppData\Loca..., moz:useNonSpecCompliantPointerOrigin: false, moz:webdriverClick: true, pageLoadStrategy: normal, platform: XP, platformName: XP, platformVersion: 10.0, rotatable: false, timeouts: {implicit: 0, pageLoad: 300000, script: 30000}}Session ID: 231f7039-427d-4611-9ff1-1c1dca5e27efat org.openqa.selenium.support.ui.WebDriverWait.timeoutException(WebDriverWait.java:81)at org.openqa.selenium.support.ui.FluentWait.until(FluentWait.java:271)at smokeTestFirefox.ValidateSmokeTest.ValidateMyProfNavigation(ValidateSmokeTest.java:404)at sun.reflect.NativeMethodAccessorImpl.invoke0(Native Method)at sun.reflect.NativeMethodAccessorImpl.invoke(Unknown Source)at sun.reflect.DelegatingMethodAccessorImpl.invoke(Unknown Source)at java.lang.reflect.Method.invoke(Unknown Source)at org.testng.internal.MethodInvocationHelper.invokeMethod(MethodInvocationHelper.java:124)at org.testng.internal.Invoker.invokeMethod(Invoker.java:571)at org.testng.internal.Invoker.invokeTestMethod(Invoker.java:707)at org.testng.internal.Invoker.invokeTestMethods(Invoker.java:979)at org.testng.internal.TestMethodWorker.invokeTestMethods(TestMethodWorker.java:125)at org.testng.internal.TestMethodWorker.run(TestMethodWorker.java:109)at org.testng.TestRunner.privateRun(TestRunner.java:648)at org.testng.TestRunner.run(TestRunner.java:505)at org.testng.SuiteRunner.runTest(SuiteRunner.java:455)at org.testng.SuiteRunner.runSequentially(SuiteRunner.java:450)at org.testng.SuiteRunner.privateRun(SuiteRunner.java:415)at org.testng.SuiteRunner.run(SuiteRunner.java:364)at org.testng.SuiteRunnerWorker.runSuite(SuiteRunnerWorker.java:52)at org.testng.SuiteRunnerWorker.run(SuiteRunnerWorker.java:84)at org.testng.TestNG.runSuitesSequentially(TestNG.java:1187)at org.testng.TestNG.runSuitesLocally(TestNG.java:1116)at org.testng.TestNG.runSuites(TestNG.java:1028)at org.testng.TestNG.run(TestNG.java:996)at org.testng.remote.AbstractRemoteTestNG.run(AbstractRemoteTestNG.java:114)at org.testng.remote.RemoteTestNG.initAndRun(RemoteTestNG.java:251)at org.testng.remote.RemoteTestNG.main(RemoteTestNG.java:77)]]>
    </failure>
  </testcase> <!-- ValidateMyProfNavigation -->
  <testcase name="ValidateHeaderLogo" time="4.527" classname="smokeTestFirefox.ValidateSmokeTest"/>
  <testcase name="ValidateStandardsCatalog" time="12.399" classname="smokeTestFirefox.ValidateSmokeTest"/>
  <testcase name="ValidateStandardsCatalogDetail" time="18.897" classname="smokeTestFirefox.ValidateSmokeTest"/>
  <testcase name="ValidateAllProduct" time="11.558" classname="smokeTestFirefox.ValidateSmokeTest"/>
  <testcase name="ValidateAudioCablesCategory" time="21.775" classname="smokeTestFirefox.ValidateSmokeTest"/>
  <testcase name="ValidateResources" time="12.838" classname="smokeTestFirefox.ValidateSmokeTest"/>
  <testcase name="ValidateSpecialOffer" time="10.288" classname="smokeTestFirefox.ValidateSmokeTest"/>
  <testcase name="ValidateCartPage" time="8.321" classname="smokeTestFirefox.ValidateSmokeTest"/>
  <testcase name="ValidateCheckoutProcess" time="57.607" classname="smokeTestFirefox.ValidateSmokeTest"/>
  <testcase name="ValidateCheckoutHeaderLogo" time="4.56" classname="smokeTestFirefox.ValidateSmokeTest"/>
  <testcase name="ValidateCheckoutFooterLogo" time="4.121" classname="smokeTestFirefox.ValidateSmokeTest"/>
  <testcase name="ValidateFooterLinks" time="28.716" classname="smokeTestFirefox.ValidateSmokeTest"/>
  <testcase name="ValidateTrackpage" time="29.093" classname="smokeTestFirefox.ValidateSmokeTest"/>
  <testcase name="ValidateordersPage" time="22.329" classname="smokeTestFirefox.ValidateSmokeTest"/>
  <testcase name="ValidatePurchaseAnalysisPage" time="20.592" classname="smokeTestFirefox.ValidateSmokeTest"/>
  <testcase name="ValidatePAEmail" time="11.242" classname="smokeTestFirefox.ValidateSmokeTest"/>
  <testcase name="ValidateCalendarPage" time="7.58" classname="smokeTestFirefox.ValidateSmokeTest"/>
  <testcase name="ValidateCalendarLinks" time="84.742" classname="smokeTestFirefox.ValidateSmokeTest"/>
  <testcase name="ValidateAllReportsLinks" time="51.662" classname="smokeTestFirefox.ValidateSmokeTest"/>
  <testcase name="ValidateSavedReports" time="15.708" classname="smokeTestFirefox.ValidateSmokeTest"/>
  <testcase name="ValidateFavoriteIcon" time="0.0" classname="smokeTestFirefox.ValidateSmokeTest">
    <ignored/>
  </testcase> <!-- ValidateFavoriteIcon -->
  <testcase name="ValidateRemoveFromCart" time="0.0" classname="smokeTestFirefox.ValidateSmokeTest">
    <ignored/>
  </testcase> <!-- ValidateRemoveFromCart -->
  <testcase name="ValidateAddTofavorites" time="0.0" classname="smokeTestFirefox.ValidateSmokeTest">
    <ignored/>
  </testcase> <!-- ValidateAddTofavorites -->
  <testcase name="ValidateCompaePage" time="0.0" classname="smokeTestFirefox.ValidateSmokeTest">
    <ignored/>
  </testcase> <!-- ValidateCompaePage -->
</testsuite> <!-- Default test -->
