<?xml version="1.0" encoding="UTF-8"?>
<!-- Generated by org.testng.reporters.JUnitXMLReporter -->
<testsuite hostname="DESKTOP-B75F35K" ignored="4" name="Default test" tests="27" failures="1" timestamp="29 May 2018 09:14:14 GMT" time="645.157" errors="0">
  <testcase name="ValidateLogin" time="43.782" classname="smokeTestFirefox.ValidateSmokeTest"/>
  <testcase name="ValidateSearching" time="20.39" classname="smokeTestFirefox.ValidateSmokeTest"/>
  <testcase name="ValidateAddToCart" time="52.984" classname="smokeTestFirefox.ValidateSmokeTest"/>
  <testcase name="ValidatePDP" time="20.996" classname="smokeTestFirefox.ValidateSmokeTest"/>
  <testcase name="ValidateRecentViewLink" time="4.316" classname="smokeTestFirefox.ValidateSmokeTest"/>
  <testcase name="ValidateFooterLogo" time="10.49" classname="smokeTestFirefox.ValidateSmokeTest"/>
  <testcase name="ValidateMyProfNavigation" time="17.113" classname="smokeTestFirefox.ValidateSmokeTest"/>
  <testcase name="ValidateHeaderLogo" time="4.938" classname="smokeTestFirefox.ValidateSmokeTest"/>
  <testcase name="ValidateStandardsCatalog" time="13.625" classname="smokeTestFirefox.ValidateSmokeTest"/>
  <testcase name="ValidateStandardsCatalogDetail" time="23.968" classname="smokeTestFirefox.ValidateSmokeTest"/>
  <testcase name="ValidateAllProduct" time="25.829" classname="smokeTestFirefox.ValidateSmokeTest"/>
  <testcase name="ValidateAudioCablesCategory" time="27.14" classname="smokeTestFirefox.ValidateSmokeTest"/>
  <testcase name="ValidateResources" time="32.422" classname="smokeTestFirefox.ValidateSmokeTest"/>
  <testcase name="ValidateSpecialOffer" time="12.516" classname="smokeTestFirefox.ValidateSmokeTest"/>
  <testcase name="ValidateCartPage" time="7.156" classname="smokeTestFirefox.ValidateSmokeTest"/>
  <testcase name="ValidateCheckoutProcess" time="15.406" classname="smokeTestFirefox.ValidateSmokeTest">
    <failure type="org.openqa.selenium.NoSuchElementException" message="Unable to locate element: //input[@id=&amp;apos;tbPO&amp;apos;]
For documentation on this error, please visit: http://seleniumhq.org/exceptions/no_such_element.html
Build info: version: &amp;apos;3.11.0&amp;apos;, revision: &amp;apos;e59cfb3&amp;apos;, time: &amp;apos;2018-03-11T20:26:55.152Z&amp;apos;
System info: host: &amp;apos;DESKTOP-B75F35K&amp;apos;, ip: &amp;apos;10.0.2.15&amp;apos;, os.name: &amp;apos;Windows 10&amp;apos;, os.arch: &amp;apos;amd64&amp;apos;, os.version: &amp;apos;10.0&amp;apos;, java.version: &amp;apos;1.8.0_171&amp;apos;
Driver info: org.openqa.selenium.firefox.FirefoxDriver
Capabilities {acceptInsecureCerts: true, browserName: firefox, browserVersion: 59.0.3, javascriptEnabled: true, moz:accessibilityChecks: false, moz:headless: false, moz:processID: 13308, moz:profile: C:\Users\bilaw\AppData\Loca..., moz:useNonSpecCompliantPointerOrigin: false, moz:webdriverClick: true, pageLoadStrategy: normal, platform: XP, platformName: XP, platformVersion: 10.0, rotatable: false, timeouts: {implicit: 0, pageLoad: 300000, script: 30000}}
Session ID: c8331d6c-a08a-4a9d-ab55-9f2622de664e
*** Element info: {Using=xpath, value=//input[@id=&amp;apos;tbPO&amp;apos;]}">
      <![CDATA[org.openqa.selenium.NoSuchElementException: Unable to locate element: //input[@id='tbPO']For documentation on this error, please visit: http://seleniumhq.org/exceptions/no_such_element.htmlBuild info: version: '3.11.0', revision: 'e59cfb3', time: '2018-03-11T20:26:55.152Z'System info: host: 'DESKTOP-B75F35K', ip: '10.0.2.15', os.name: 'Windows 10', os.arch: 'amd64', os.version: '10.0', java.version: '1.8.0_171'Driver info: org.openqa.selenium.firefox.FirefoxDriverCapabilities {acceptInsecureCerts: true, browserName: firefox, browserVersion: 59.0.3, javascriptEnabled: true, moz:accessibilityChecks: false, moz:headless: false, moz:processID: 13308, moz:profile: C:\Users\bilaw\AppData\Loca..., moz:useNonSpecCompliantPointerOrigin: false, moz:webdriverClick: true, pageLoadStrategy: normal, platform: XP, platformName: XP, platformVersion: 10.0, rotatable: false, timeouts: {implicit: 0, pageLoad: 300000, script: 30000}}Session ID: c8331d6c-a08a-4a9d-ab55-9f2622de664e*** Element info: {Using=xpath, value=//input[@id='tbPO']}at sun.reflect.NativeConstructorAccessorImpl.newInstance0(Native Method)at sun.reflect.NativeConstructorAccessorImpl.newInstance(Unknown Source)at sun.reflect.DelegatingConstructorAccessorImpl.newInstance(Unknown Source)at java.lang.reflect.Constructor.newInstance(Unknown Source)at org.openqa.selenium.remote.http.W3CHttpResponseCodec.createException(W3CHttpResponseCodec.java:187)at org.openqa.selenium.remote.http.W3CHttpResponseCodec.decode(W3CHttpResponseCodec.java:122)at org.openqa.selenium.remote.http.W3CHttpResponseCodec.decode(W3CHttpResponseCodec.java:49)at org.openqa.selenium.remote.HttpCommandExecutor.execute(HttpCommandExecutor.java:158)at org.openqa.selenium.remote.service.DriverCommandExecutor.execute(DriverCommandExecutor.java:83)at org.openqa.selenium.remote.RemoteWebDriver.execute(RemoteWebDriver.java:545)at org.openqa.selenium.remote.RemoteWebDriver.findElement(RemoteWebDriver.java:319)at org.openqa.selenium.remote.RemoteWebDriver.findElementByXPath(RemoteWebDriver.java:421)at org.openqa.selenium.By$ByXPath.findElement(By.java:361)at org.openqa.selenium.remote.RemoteWebDriver.findElement(RemoteWebDriver.java:311)at pageObjects.CheckoutPage.getPO(CheckoutPage.java:49)at smokeTestFirefox.ValidateSmokeTest.ValidateCheckoutProcess(ValidateSmokeTest.java:641)at sun.reflect.NativeMethodAccessorImpl.invoke0(Native Method)at sun.reflect.NativeMethodAccessorImpl.invoke(Unknown Source)at sun.reflect.DelegatingMethodAccessorImpl.invoke(Unknown Source)at java.lang.reflect.Method.invoke(Unknown Source)at org.testng.internal.MethodInvocationHelper.invokeMethod(MethodInvocationHelper.java:124)at org.testng.internal.Invoker.invokeMethod(Invoker.java:571)at org.testng.internal.Invoker.invokeTestMethod(Invoker.java:707)at org.testng.internal.Invoker.invokeTestMethods(Invoker.java:979)at org.testng.internal.TestMethodWorker.invokeTestMethods(TestMethodWorker.java:125)at org.testng.internal.TestMethodWorker.run(TestMethodWorker.java:109)at org.testng.TestRunner.privateRun(TestRunner.java:648)at org.testng.TestRunner.run(TestRunner.java:505)at org.testng.SuiteRunner.runTest(SuiteRunner.java:455)at org.testng.SuiteRunner.runSequentially(SuiteRunner.java:450)at org.testng.SuiteRunner.privateRun(SuiteRunner.java:415)at org.testng.SuiteRunner.run(SuiteRunner.java:364)at org.testng.SuiteRunnerWorker.runSuite(SuiteRunnerWorker.java:52)at org.testng.SuiteRunnerWorker.run(SuiteRunnerWorker.java:84)at org.testng.TestNG.runSuitesSequentially(TestNG.java:1187)at org.testng.TestNG.runSuitesLocally(TestNG.java:1116)at org.testng.TestNG.runSuites(TestNG.java:1028)at org.testng.TestNG.run(TestNG.java:996)at org.testng.remote.AbstractRemoteTestNG.run(AbstractRemoteTestNG.java:114)at org.testng.remote.RemoteTestNG.initAndRun(RemoteTestNG.java:251)at org.testng.remote.RemoteTestNG.main(RemoteTestNG.java:77)]]>
    </failure>
  </testcase> <!-- ValidateCheckoutProcess -->
  <testcase name="ValidateCheckoutHeaderLogo" time="7.781" classname="smokeTestFirefox.ValidateSmokeTest"/>
  <testcase name="ValidateCheckoutFooterLogo" time="4.484" classname="smokeTestFirefox.ValidateSmokeTest"/>
  <testcase name="ValidateFooterLinks" time="50.266" classname="smokeTestFirefox.ValidateSmokeTest"/>
  <testcase name="ValidateTrackpage" time="25.297" classname="smokeTestFirefox.ValidateSmokeTest"/>
  <testcase name="ValidateordersPage" time="22.484" classname="smokeTestFirefox.ValidateSmokeTest"/>
  <testcase name="ValidatePurchaseAnalysisPage" time="20.293" classname="smokeTestFirefox.ValidateSmokeTest"/>
  <testcase name="ValidatePAEmail" time="11.039" classname="smokeTestFirefox.ValidateSmokeTest"/>
  <testcase name="ValidateCalendarPage" time="8.305" classname="smokeTestFirefox.ValidateSmokeTest"/>
  <testcase name="ValidateCalendarLinks" time="92.989" classname="smokeTestFirefox.ValidateSmokeTest"/>
  <testcase name="ValidateAllReportsLinks" time="51.708" classname="smokeTestFirefox.ValidateSmokeTest"/>
  <testcase name="ValidateSavedReports" time="15.844" classname="smokeTestFirefox.ValidateSmokeTest"/>
  <testcase name="ValidateFavoriteIcon" time="0.0" classname="smokeTestFirefox.ValidateSmokeTest">
    <ignored/>
  </testcase> <!-- ValidateFavoriteIcon -->
  <testcase name="ValidateRemoveFromCart" time="0.0" classname="smokeTestFirefox.ValidateSmokeTest">
    <ignored/>
  </testcase> <!-- ValidateRemoveFromCart -->
  <testcase name="ValidateAddTofavorites" time="0.0" classname="smokeTestFirefox.ValidateSmokeTest">
    <ignored/>
  </testcase> <!-- ValidateAddTofavorites -->
  <testcase name="ValidateCompaePage" time="0.0" classname="smokeTestFirefox.ValidateSmokeTest">
    <ignored/>
  </testcase> <!-- ValidateCompaePage -->
</testsuite> <!-- Default test -->
