<?xml version="1.0" encoding="UTF-8"?>
<!-- Generated by org.testng.reporters.JUnitXMLReporter -->
<testsuite hostname="DESKTOP-B75F35K" ignored="3" name="ValidateSmokeTests" tests="2" failures="2" timestamp="08 May 2018 06:36:07 GMT" time="0.077" errors="0">
  <testcase name="@AfterTest closebrowser" time="0.0" classname="smokeTestFirefox.ValidateSmokeTest">
    <failure type="java.lang.NullPointerException">
      <![CDATA[java.lang.NullPointerExceptionat smokeTestFirefox.ValidateSmokeTest.closebrowser(ValidateSmokeTest.java:1489)... Removed 28 stack frames]]>
    </failure>
  </testcase> <!-- @AfterTest closebrowser -->
  <testcase name="ValidateLogin" time="0.005" classname="smokeTestFirefox.ValidateSmokeTest">
    <failure type="java.io.FileNotFoundException" message="C:\Program Files (x86)\Jenkins\workspace\UATSmokeFirefox\src\main\java\resources\data.properties (The system cannot find the path specified)">
      <![CDATA[java.io.FileNotFoundException: C:\Program Files (x86)\Jenkins\workspace\UATSmokeFirefox\src\main\java\resources\data.properties (The system cannot find the path specified)at java.io.FileInputStream.open0(Native Method)at java.io.FileInputStream.open(FileInputStream.java:195)at java.io.FileInputStream.<init>(FileInputStream.java:138)at java.io.FileInputStream.<init>(FileInputStream.java:93)at resources.base.initializeDriver(base.java:36)at smokeTestFirefox.ValidateSmokeTest.ValidateLogin(ValidateSmokeTest.java:54)... Removed 29 stack frames]]>
    </failure>
  </testcase> <!-- ValidateLogin -->
  <testcase name="ValidateLogin" time="0.062" classname="smokeTestFirefox.ValidateSmokeTest">
    <failure type="java.lang.NullPointerException">
      <![CDATA[java.lang.NullPointerExceptionat resources.base.getScreenshot(base.java:119)at Package1.listeners.onTestFailure(listeners.java:28)... Removed 26 stack frames]]>
    </failure>
  </testcase> <!-- ValidateLogin -->
  <testcase name="ValidateRemoveFromCart" time="0.0" classname="smokeTestFirefox.ValidateSmokeTest">
    <ignored/>
  </testcase> <!-- ValidateRemoveFromCart -->
  <testcase name="ValidateAddTofavorites" time="0.0" classname="smokeTestFirefox.ValidateSmokeTest">
    <ignored/>
  </testcase> <!-- ValidateAddTofavorites -->
  <testcase name="ValidateCompaePage" time="0.0" classname="smokeTestFirefox.ValidateSmokeTest">
    <ignored/>
  </testcase> <!-- ValidateCompaePage -->
</testsuite> <!-- ValidateSmokeTests -->
