<?xml version="1.0" encoding="UTF-8"?>
<testng-results skipped="0" failed="1" ignored="4" total="31" passed="26">
  <reporter-output>
  </reporter-output>
  <suite name="Default suite" duration-ms="717450" started-at="2018-07-11T12:40:05Z" finished-at="2018-07-11T12:52:02Z">
    <groups>
    </groups>
    <test name="Default test" duration-ms="717450" started-at="2018-07-11T12:40:05Z" finished-at="2018-07-11T12:52:02Z">
      <class name="smokeTestFirefox.ValidateSmokeTest">
        <test-method status="PASS" signature="ValidateLogin()[pri:0, instance:smokeTestFirefox.ValidateSmokeTest@65466a6a]" name="ValidateLogin" duration-ms="43106" started-at="2018-07-11T17:40:05Z" finished-at="2018-07-11T17:40:48Z">
          <reporter-output>
          </reporter-output>
        </test-method> <!-- ValidateLogin -->
        <test-method status="PASS" signature="ValidateSearching()[pri:2, instance:smokeTestFirefox.ValidateSmokeTest@65466a6a]" name="ValidateSearching" duration-ms="97387" started-at="2018-07-11T17:40:48Z" finished-at="2018-07-11T17:42:25Z">
          <reporter-output>
          </reporter-output>
        </test-method> <!-- ValidateSearching -->
        <test-method status="PASS" signature="ValidateAddToCart()[pri:3, instance:smokeTestFirefox.ValidateSmokeTest@65466a6a]" name="ValidateAddToCart" duration-ms="55108" started-at="2018-07-11T17:42:25Z" finished-at="2018-07-11T17:43:20Z">
          <reporter-output>
          </reporter-output>
        </test-method> <!-- ValidateAddToCart -->
        <test-method status="PASS" signature="ValidatePDP()[pri:5, instance:smokeTestFirefox.ValidateSmokeTest@65466a6a]" name="ValidatePDP" duration-ms="14606" started-at="2018-07-11T17:43:20Z" finished-at="2018-07-11T17:43:35Z">
          <reporter-output>
          </reporter-output>
        </test-method> <!-- ValidatePDP -->
        <test-method status="PASS" signature="ValidateRecentViewLink()[pri:6, instance:smokeTestFirefox.ValidateSmokeTest@65466a6a]" name="ValidateRecentViewLink" duration-ms="4028" started-at="2018-07-11T17:43:35Z" finished-at="2018-07-11T17:43:39Z">
          <reporter-output>
          </reporter-output>
        </test-method> <!-- ValidateRecentViewLink -->
        <test-method status="PASS" signature="ValidateFooterLogo()[pri:7, instance:smokeTestFirefox.ValidateSmokeTest@65466a6a]" name="ValidateFooterLogo" duration-ms="9925" started-at="2018-07-11T17:43:39Z" finished-at="2018-07-11T17:43:49Z">
          <reporter-output>
          </reporter-output>
        </test-method> <!-- ValidateFooterLogo -->
        <test-method status="FAIL" signature="ValidateMyProfNavigation()[pri:8, instance:smokeTestFirefox.ValidateSmokeTest@65466a6a]" name="ValidateMyProfNavigation" duration-ms="53676" started-at="2018-07-11T17:43:49Z" finished-at="2018-07-11T17:44:43Z">
          <exception class="org.openqa.selenium.TimeoutException">
            <message>
              <![CDATA[Expected condition failed: waiting for element to be clickable: [[FirefoxDriver: firefox on XP (231f7039-427d-4611-9ff1-1c1dca5e27ef)] -> xpath: (//a[text()='My Profile'])[1]] (tried for 50 second(s) with 500 milliseconds interval)Build info: version: '3.11.0', revision: 'e59cfb3', time: '2018-03-11T20:26:55.152Z'System info: host: 'DESKTOP-B75F35K', ip: '10.0.2.15', os.name: 'Windows 10', os.arch: 'amd64', os.version: '10.0', java.version: '1.8.0_171'Driver info: org.openqa.selenium.firefox.FirefoxDriverCapabilities {acceptInsecureCerts: true, browserName: firefox, browserVersion: 59.0.3, javascriptEnabled: true, moz:accessibilityChecks: false, moz:headless: false, moz:processID: 8804, moz:profile: C:\Users\bilaw\AppData\Loca..., moz:useNonSpecCompliantPointerOrigin: false, moz:webdriverClick: true, pageLoadStrategy: normal, platform: XP, platformName: XP, platformVersion: 10.0, rotatable: false, timeouts: {implicit: 0, pageLoad: 300000, script: 30000}}Session ID: 231f7039-427d-4611-9ff1-1c1dca5e27ef]]>
            </message>
            <full-stacktrace>
              <![CDATA[org.openqa.selenium.TimeoutException: Expected condition failed: waiting for element to be clickable: [[FirefoxDriver: firefox on XP (231f7039-427d-4611-9ff1-1c1dca5e27ef)] -> xpath: (//a[text()='My Profile'])[1]] (tried for 50 second(s) with 500 milliseconds interval)Build info: version: '3.11.0', revision: 'e59cfb3', time: '2018-03-11T20:26:55.152Z'System info: host: 'DESKTOP-B75F35K', ip: '10.0.2.15', os.name: 'Windows 10', os.arch: 'amd64', os.version: '10.0', java.version: '1.8.0_171'Driver info: org.openqa.selenium.firefox.FirefoxDriverCapabilities {acceptInsecureCerts: true, browserName: firefox, browserVersion: 59.0.3, javascriptEnabled: true, moz:accessibilityChecks: false, moz:headless: false, moz:processID: 8804, moz:profile: C:\Users\bilaw\AppData\Loca..., moz:useNonSpecCompliantPointerOrigin: false, moz:webdriverClick: true, pageLoadStrategy: normal, platform: XP, platformName: XP, platformVersion: 10.0, rotatable: false, timeouts: {implicit: 0, pageLoad: 300000, script: 30000}}Session ID: 231f7039-427d-4611-9ff1-1c1dca5e27efat org.openqa.selenium.support.ui.WebDriverWait.timeoutException(WebDriverWait.java:81)at org.openqa.selenium.support.ui.FluentWait.until(FluentWait.java:271)at smokeTestFirefox.ValidateSmokeTest.ValidateMyProfNavigation(ValidateSmokeTest.java:404)at sun.reflect.NativeMethodAccessorImpl.invoke0(Native Method)at sun.reflect.NativeMethodAccessorImpl.invoke(Unknown Source)at sun.reflect.DelegatingMethodAccessorImpl.invoke(Unknown Source)at java.lang.reflect.Method.invoke(Unknown Source)at org.testng.internal.MethodInvocationHelper.invokeMethod(MethodInvocationHelper.java:124)at org.testng.internal.Invoker.invokeMethod(Invoker.java:571)at org.testng.internal.Invoker.invokeTestMethod(Invoker.java:707)at org.testng.internal.Invoker.invokeTestMethods(Invoker.java:979)at org.testng.internal.TestMethodWorker.invokeTestMethods(TestMethodWorker.java:125)at org.testng.internal.TestMethodWorker.run(TestMethodWorker.java:109)at org.testng.TestRunner.privateRun(TestRunner.java:648)at org.testng.TestRunner.run(TestRunner.java:505)at org.testng.SuiteRunner.runTest(SuiteRunner.java:455)at org.testng.SuiteRunner.runSequentially(SuiteRunner.java:450)at org.testng.SuiteRunner.privateRun(SuiteRunner.java:415)at org.testng.SuiteRunner.run(SuiteRunner.java:364)at org.testng.SuiteRunnerWorker.runSuite(SuiteRunnerWorker.java:52)at org.testng.SuiteRunnerWorker.run(SuiteRunnerWorker.java:84)at org.testng.TestNG.runSuitesSequentially(TestNG.java:1187)at org.testng.TestNG.runSuitesLocally(TestNG.java:1116)at org.testng.TestNG.runSuites(TestNG.java:1028)at org.testng.TestNG.run(TestNG.java:996)at org.testng.remote.AbstractRemoteTestNG.run(AbstractRemoteTestNG.java:114)at org.testng.remote.RemoteTestNG.initAndRun(RemoteTestNG.java:251)at org.testng.remote.RemoteTestNG.main(RemoteTestNG.java:77)]]>
            </full-stacktrace>
          </exception> <!-- org.openqa.selenium.TimeoutException -->
          <reporter-output>
          </reporter-output>
        </test-method> <!-- ValidateMyProfNavigation -->
        <test-method status="PASS" signature="ValidateHeaderLogo()[pri:9, instance:smokeTestFirefox.ValidateSmokeTest@65466a6a]" name="ValidateHeaderLogo" duration-ms="4527" started-at="2018-07-11T17:44:43Z" finished-at="2018-07-11T17:44:47Z">
          <reporter-output>
          </reporter-output>
        </test-method> <!-- ValidateHeaderLogo -->
        <test-method status="PASS" signature="ValidateStandardsCatalog()[pri:10, instance:smokeTestFirefox.ValidateSmokeTest@65466a6a]" name="ValidateStandardsCatalog" duration-ms="12399" started-at="2018-07-11T17:44:47Z" finished-at="2018-07-11T17:45:00Z">
          <reporter-output>
          </reporter-output>
        </test-method> <!-- ValidateStandardsCatalog -->
        <test-method status="PASS" signature="ValidateStandardsCatalogDetail()[pri:11, instance:smokeTestFirefox.ValidateSmokeTest@65466a6a]" name="ValidateStandardsCatalogDetail" duration-ms="18897" started-at="2018-07-11T17:45:00Z" finished-at="2018-07-11T17:45:19Z">
          <reporter-output>
          </reporter-output>
        </test-method> <!-- ValidateStandardsCatalogDetail -->
        <test-method status="PASS" signature="ValidateAllProduct()[pri:12, instance:smokeTestFirefox.ValidateSmokeTest@65466a6a]" name="ValidateAllProduct" duration-ms="11558" started-at="2018-07-11T17:45:19Z" finished-at="2018-07-11T17:45:30Z">
          <reporter-output>
          </reporter-output>
        </test-method> <!-- ValidateAllProduct -->
        <test-method status="PASS" signature="ValidateAudioCablesCategory()[pri:13, instance:smokeTestFirefox.ValidateSmokeTest@65466a6a]" name="ValidateAudioCablesCategory" duration-ms="21775" started-at="2018-07-11T17:45:30Z" finished-at="2018-07-11T17:45:52Z">
          <reporter-output>
          </reporter-output>
        </test-method> <!-- ValidateAudioCablesCategory -->
        <test-method status="PASS" signature="ValidateResources()[pri:14, instance:smokeTestFirefox.ValidateSmokeTest@65466a6a]" name="ValidateResources" duration-ms="12838" started-at="2018-07-11T17:45:52Z" finished-at="2018-07-11T17:46:05Z">
          <reporter-output>
          </reporter-output>
        </test-method> <!-- ValidateResources -->
        <test-method status="PASS" signature="ValidateSpecialOffer()[pri:15, instance:smokeTestFirefox.ValidateSmokeTest@65466a6a]" name="ValidateSpecialOffer" duration-ms="10288" started-at="2018-07-11T17:46:05Z" finished-at="2018-07-11T17:46:15Z">
          <reporter-output>
          </reporter-output>
        </test-method> <!-- ValidateSpecialOffer -->
        <test-method status="PASS" signature="ValidateCartPage()[pri:16, instance:smokeTestFirefox.ValidateSmokeTest@65466a6a]" name="ValidateCartPage" duration-ms="8321" started-at="2018-07-11T17:46:15Z" finished-at="2018-07-11T17:46:23Z">
          <reporter-output>
          </reporter-output>
        </test-method> <!-- ValidateCartPage -->
        <test-method status="PASS" signature="ValidateCheckoutProcess()[pri:18, instance:smokeTestFirefox.ValidateSmokeTest@65466a6a]" name="ValidateCheckoutProcess" duration-ms="57607" started-at="2018-07-11T17:46:23Z" finished-at="2018-07-11T17:47:21Z">
          <reporter-output>
          </reporter-output>
        </test-method> <!-- ValidateCheckoutProcess -->
        <test-method status="PASS" signature="ValidateCheckoutHeaderLogo()[pri:19, instance:smokeTestFirefox.ValidateSmokeTest@65466a6a]" name="ValidateCheckoutHeaderLogo" duration-ms="4560" started-at="2018-07-11T17:47:21Z" finished-at="2018-07-11T17:47:25Z">
          <reporter-output>
          </reporter-output>
        </test-method> <!-- ValidateCheckoutHeaderLogo -->
        <test-method status="PASS" signature="ValidateCheckoutFooterLogo()[pri:20, instance:smokeTestFirefox.ValidateSmokeTest@65466a6a]" name="ValidateCheckoutFooterLogo" duration-ms="4121" started-at="2018-07-11T17:47:25Z" finished-at="2018-07-11T17:47:30Z">
          <reporter-output>
          </reporter-output>
        </test-method> <!-- ValidateCheckoutFooterLogo -->
        <test-method status="PASS" signature="ValidateFooterLinks()[pri:21, instance:smokeTestFirefox.ValidateSmokeTest@65466a6a]" name="ValidateFooterLinks" duration-ms="28716" started-at="2018-07-11T17:47:30Z" finished-at="2018-07-11T17:47:58Z">
          <reporter-output>
          </reporter-output>
        </test-method> <!-- ValidateFooterLinks -->
        <test-method status="PASS" signature="ValidateTrackpage()[pri:22, instance:smokeTestFirefox.ValidateSmokeTest@65466a6a]" name="ValidateTrackpage" duration-ms="29093" started-at="2018-07-11T17:47:58Z" finished-at="2018-07-11T17:48:27Z">
          <reporter-output>
          </reporter-output>
        </test-method> <!-- ValidateTrackpage -->
        <test-method status="PASS" signature="ValidateordersPage()[pri:23, instance:smokeTestFirefox.ValidateSmokeTest@65466a6a]" name="ValidateordersPage" duration-ms="22329" started-at="2018-07-11T17:48:27Z" finished-at="2018-07-11T17:48:50Z">
          <reporter-output>
          </reporter-output>
        </test-method> <!-- ValidateordersPage -->
        <test-method status="PASS" signature="ValidatePurchaseAnalysisPage()[pri:24, instance:smokeTestFirefox.ValidateSmokeTest@65466a6a]" name="ValidatePurchaseAnalysisPage" duration-ms="20592" started-at="2018-07-11T17:48:50Z" finished-at="2018-07-11T17:49:10Z">
          <reporter-output>
          </reporter-output>
        </test-method> <!-- ValidatePurchaseAnalysisPage -->
        <test-method status="PASS" signature="ValidatePAEmail()[pri:25, instance:smokeTestFirefox.ValidateSmokeTest@65466a6a]" name="ValidatePAEmail" duration-ms="11242" started-at="2018-07-11T17:49:10Z" finished-at="2018-07-11T17:49:22Z">
          <reporter-output>
          </reporter-output>
        </test-method> <!-- ValidatePAEmail -->
        <test-method status="PASS" signature="ValidateCalendarPage()[pri:26, instance:smokeTestFirefox.ValidateSmokeTest@65466a6a]" name="ValidateCalendarPage" duration-ms="7580" started-at="2018-07-11T17:49:22Z" finished-at="2018-07-11T17:49:29Z">
          <reporter-output>
          </reporter-output>
        </test-method> <!-- ValidateCalendarPage -->
        <test-method status="PASS" signature="ValidateCalendarLinks()[pri:27, instance:smokeTestFirefox.ValidateSmokeTest@65466a6a]" name="ValidateCalendarLinks" duration-ms="84742" started-at="2018-07-11T17:49:29Z" finished-at="2018-07-11T17:50:54Z">
          <reporter-output>
          </reporter-output>
        </test-method> <!-- ValidateCalendarLinks -->
        <test-method status="PASS" signature="ValidateAllReportsLinks()[pri:28, instance:smokeTestFirefox.ValidateSmokeTest@65466a6a]" name="ValidateAllReportsLinks" duration-ms="51662" started-at="2018-07-11T17:50:54Z" finished-at="2018-07-11T17:51:46Z">
          <reporter-output>
          </reporter-output>
        </test-method> <!-- ValidateAllReportsLinks -->
        <test-method status="PASS" signature="ValidateSavedReports()[pri:29, instance:smokeTestFirefox.ValidateSmokeTest@65466a6a]" name="ValidateSavedReports" duration-ms="15708" started-at="2018-07-11T17:51:46Z" finished-at="2018-07-11T17:52:01Z">
          <reporter-output>
          </reporter-output>
        </test-method> <!-- ValidateSavedReports -->
        <test-method status="PASS" signature="closebrowser()[pri:0, instance:smokeTestFirefox.ValidateSmokeTest@65466a6a]" name="closebrowser" is-config="true" duration-ms="995" started-at="2018-07-11T17:52:01Z" finished-at="2018-07-11T17:52:02Z">
          <reporter-output>
          </reporter-output>
        </test-method> <!-- closebrowser -->
      </class> <!-- smokeTestFirefox.ValidateSmokeTest -->
    </test> <!-- Default test -->
  </suite> <!-- Default suite -->
</testng-results>
